TN:
SF:src/EquiliBotModule.sol
DA:76,3
FN:76,EquiliBotModule.onlyOwner
FNDA:3,EquiliBotModule.onlyOwner
DA:77,3
BRDA:77,0,0,1
DA:81,42
FN:81,EquiliBotModule.nonReentrant
FNDA:42,EquiliBotModule.nonReentrant
DA:82,42
BRDA:82,1,0,1
DA:83,41
DA:85,3
DA:88,76
FN:88,EquiliBotModule.constructor
FNDA:76,EquiliBotModule.constructor
DA:90,76
DA:91,73
DA:92,4
BRDA:92,2,0,4
DA:93,4
DA:96,72
DA:97,72
DA:98,72
DA:99,72
DA:100,72
DA:101,72
DA:103,72
DA:104,72
DA:105,72
DA:106,72
DA:109,3
FN:109,EquiliBotModule.transferOwnership
FNDA:3,EquiliBotModule.transferOwnership
DA:110,3
BRDA:110,3,0,1
DA:111,2
DA:112,2
DA:115,2
FN:115,EquiliBotModule.acceptOwnership
FNDA:2,EquiliBotModule.acceptOwnership
DA:116,2
BRDA:116,4,0,1
DA:117,1
DA:118,1
DA:119,1
DA:120,1
DA:123,3
FN:123,EquiliBotModule.setPaused
FNDA:3,EquiliBotModule.setPaused
DA:124,2
DA:125,2
DA:128,3
FN:128,EquiliBotModule.setAgent
FNDA:3,EquiliBotModule.setAgent
DA:129,2
BRDA:129,5,0,1
DA:130,1
DA:131,1
DA:132,1
DA:135,3
FN:135,EquiliBotModule.setGuard
FNDA:3,EquiliBotModule.setGuard
DA:136,2
BRDA:136,6,0,1
DA:137,1
DA:138,1
DA:139,1
DA:142,1
FN:142,EquiliBotModule.setAllowInputBalanceIncrease
FNDA:1,EquiliBotModule.setAllowInputBalanceIncrease
DA:143,1
DA:144,1
DA:147,9
FN:147,EquiliBotModule.setStrictTokenIsolation
FNDA:9,EquiliBotModule.setStrictTokenIsolation
DA:148,8
DA:149,8
DA:152,127
FN:152,EquiliBotModule.setRouterSelectorAllowed
FNDA:127,EquiliBotModule.setRouterSelectorAllowed
DA:153,127
BRDA:153,7,0,1
DA:154,126
DA:155,126
DA:158,130
FN:158,EquiliBotModule.setProtectedToken
FNDA:130,EquiliBotModule.setProtectedToken
DA:159,130
BRDA:159,8,0,1
DA:161,127
BRDA:161,9,0,127
BRDA:161,9,1,2
DA:162,127
BRDA:162,10,0,127
DA:163,127
DA:164,127
DA:165,127
DA:167,2
BRDA:167,11,0,2
DA:168,2
DA:169,2
DA:170,2
DA:172,2
BRDA:172,12,0,1
DA:173,1
DA:174,1
DA:175,1
DA:178,2
DA:179,2
DA:182,129
DA:185,42
FN:185,EquiliBotModule.executeSwap
FNDA:42,EquiliBotModule.executeSwap
DA:190,1
BRDA:190,13,0,1
DA:191,40
BRDA:191,14,0,1
DA:192,39
BRDA:192,15,0,1
DA:194,38
DA:195,38
BRDA:195,16,0,2
DA:196,36
DA:197,18
DA:199,17
DA:200,17
DA:201,15
DA:203,3
DA:207,3
DA:210,18
FN:210,EquiliBotModule._validateIsolationConfiguration
FNDA:18,EquiliBotModule._validateIsolationConfiguration
DA:211,18
BRDA:211,17,0,18
DA:212,18
DA:215,17
BRDA:215,18,0,1
DA:216,1
DA:218,16
BRDA:218,19,0,0
DA:219,0
DA:223,15
FN:223,EquiliBotModule._executeAndValidate
FNDA:15,EquiliBotModule._executeAndValidate
DA:226,15
DA:227,15
DA:228,15
DA:229,15
DA:231,15
BRDA:231,20,0,14
DA:232,14
DA:235,12
DA:236,12
BRDA:236,21,0,2
DA:237,2
DA:240,10
BRDA:240,22,0,9
DA:241,9
DA:244,9
DA:245,9
DA:246,9
DA:248,8
DA:251,36
FN:251,EquiliBotModule._validateRouterCalldata
FNDA:36,EquiliBotModule._validateRouterCalldata
DA:255,36
DA:257,36
BRDA:257,23,0,23
DA:258,23
BRDA:258,24,0,1
DA:260,22
DA:261,22
DA:263,22
DA:264,22
DA:265,22
BRDA:265,25,0,1
DA:266,21
BRDA:266,26,0,1
DA:267,20
BRDA:267,27,0,1
DA:268,19
BRDA:268,28,0,1
DA:269,18
BRDA:269,29,0,1
DA:270,17
BRDA:270,30,0,1
DA:271,1
DA:273,16
DA:276,13
BRDA:276,31,0,9
DA:277,9
BRDA:277,32,0,1
DA:279,8
DA:280,8
DA:282,8
DA:283,8
DA:284,8
BRDA:284,33,0,1
DA:285,7
BRDA:285,34,0,1
DA:286,6
BRDA:286,35,0,1
DA:287,5
BRDA:287,36,0,1
DA:288,4
BRDA:288,37,0,1
DA:289,3
BRDA:289,38,0,1
DA:290,1
DA:292,2
DA:295,4
DA:298,15
FN:298,EquiliBotModule._snapshotProtectedBalances
FNDA:15,EquiliBotModule._snapshotProtectedBalances
DA:299,15
DA:300,15
DA:301,15
DA:302,28
DA:306,9
FN:306,EquiliBotModule._validateProtectedBalances
FNDA:9,EquiliBotModule._validateProtectedBalances
DA:311,9
DA:312,9
DA:313,16
DA:314,16
BRDA:314,39,0,15
DA:316,1
DA:317,1
BRDA:317,40,0,1
DA:321,17
FN:321,EquiliBotModule._validateValue
FNDA:17,EquiliBotModule._validateValue
DA:322,17
BRDA:322,41,0,2
BRDA:322,41,1,14
DA:323,2
BRDA:323,42,0,1
DA:324,15
BRDA:324,43,0,1
DA:325,1
DA:329,77
FN:329,EquiliBotModule._balanceOf
FNDA:77,EquiliBotModule._balanceOf
DA:330,77
BRDA:330,44,0,2
DA:331,2
DA:333,75
DA:336,14
FN:336,EquiliBotModule._approveToken
FNDA:14,EquiliBotModule._approveToken
DA:337,14
DA:338,14
DA:339,14
BRDA:339,45,0,2
DA:340,2
DA:343,12
DA:344,12
DA:345,12
BRDA:345,46,0,1
DA:346,1
DA:350,9
FN:350,EquiliBotModule._clearApproval
FNDA:9,EquiliBotModule._clearApproval
DA:351,9
DA:352,9
DA:353,9
BRDA:353,47,0,1
DA:354,1
DA:358,47
FN:358,EquiliBotModule._safeExec
FNDA:47,EquiliBotModule._safeExec
DA:362,47
DA:366,47
DA:367,46
BRDA:367,48,0,46
DA:368,46
DA:371,1
DA:372,1
DA:375,9
FN:375,EquiliBotModule._validateBalanceDeltas
FNDA:9,EquiliBotModule._validateBalanceDeltas
DA:382,9
BRDA:382,49,0,1
DA:383,8
BRDA:383,50,0,1
DA:385,7
DA:386,7
DA:388,7
BRDA:388,51,0,1
DA:390,6
BRDA:390,52,0,3
BRDA:390,52,1,1
DA:391,3
BRDA:391,53,0,1
DA:392,3
BRDA:392,54,0,2
BRDA:392,54,1,1
DA:393,2
BRDA:393,55,0,1
DA:395,1
DA:399,6
FN:399,EquiliBotModule._revertWithData
FNDA:6,EquiliBotModule._revertWithData
DA:400,6
BRDA:400,56,0,1
DA:402,5
FNF:25
FNH:25
LF:195
LH:194
BRF:61
BRH:60
end_of_record
TN:
SF:src/SwapGuard.sol
DA:93,16
FN:93,SwapGuard.onlyAuthorizedExecutor
FNDA:16,SwapGuard.onlyAuthorizedExecutor
DA:94,16
BRDA:94,0,0,1
DA:98,104
FN:98,SwapGuard.constructor
FNDA:104,SwapGuard.constructor
DA:104,104
BRDA:104,1,0,1
DA:106,103
DA:107,103
DA:108,103
DA:109,103
DA:110,103
DA:111,103
DA:112,103
DA:113,103
DA:114,103
DA:116,103
DA:117,103
DA:118,103
DA:119,103
DA:120,103
DA:121,103
DA:122,103
DA:123,103
DA:126,4
FN:126,SwapGuard.transferOwnership
FNDA:4,SwapGuard.transferOwnership
DA:127,4
DA:128,3
BRDA:128,2,0,1
DA:129,2
DA:130,2
DA:133,2
FN:133,SwapGuard.acceptOwnership
FNDA:2,SwapGuard.acceptOwnership
DA:134,2
BRDA:134,3,0,1
DA:135,1
DA:136,1
DA:137,1
DA:138,1
DA:141,3
FN:141,SwapGuard.setPaused
FNDA:3,SwapGuard.setPaused
DA:142,3
DA:143,2
DA:144,2
DA:147,107
FN:147,SwapGuard.setRouterAllowed
FNDA:107,SwapGuard.setRouterAllowed
DA:148,107
DA:149,107
BRDA:149,4,0,1
DA:150,106
DA:151,106
DA:154,267
FN:154,SwapGuard.setTokenAllowed
FNDA:267,SwapGuard.setTokenAllowed
DA:155,267
DA:156,267
DA:157,267
DA:160,105
FN:160,SwapGuard.setAuthorizedExecutor
FNDA:105,SwapGuard.setAuthorizedExecutor
DA:161,105
DA:162,105
BRDA:162,5,0,1
DA:163,104
DA:164,104
DA:167,163
FN:167,SwapGuard.setMinTradeAmount
FNDA:163,SwapGuard.setMinTradeAmount
DA:168,163
DA:169,163
DA:170,163
DA:173,4
FN:173,SwapGuard.setCooldownSeconds
FNDA:4,SwapGuard.setCooldownSeconds
DA:174,4
DA:175,4
DA:176,4
DA:179,1
FN:179,SwapGuard.setMaxDeadlineDelay
FNDA:1,SwapGuard.setMaxDeadlineDelay
DA:180,1
DA:181,1
DA:182,1
DA:185,7
FN:185,SwapGuard.setMaxDailyVolume
FNDA:7,SwapGuard.setMaxDailyVolume
DA:186,7
DA:187,7
DA:188,7
DA:191,169
FN:191,SwapGuard.setMaxDailyVolumeForToken
FNDA:169,SwapGuard.setMaxDailyVolumeForToken
DA:192,169
DA:193,169
DA:194,169
DA:197,2
FN:197,SwapGuard.setMaxTradeAmountForToken
FNDA:2,SwapGuard.setMaxTradeAmountForToken
DA:198,2
DA:199,2
DA:200,2
DA:203,3
FN:203,SwapGuard.setMaxSlippageBps
FNDA:3,SwapGuard.setMaxSlippageBps
DA:204,3
DA:205,3
BRDA:205,6,0,1
DA:206,2
DA:207,2
DA:210,3
FN:210,SwapGuard.setMaxExactOutputInputBufferBps
FNDA:3,SwapGuard.setMaxExactOutputInputBufferBps
DA:211,3
DA:212,3
BRDA:212,7,0,1
DA:213,2
DA:214,2
DA:217,8
FN:217,SwapGuard.setRequireExplicitTokenLimits
FNDA:8,SwapGuard.setRequireExplicitTokenLimits
DA:218,8
DA:219,8
DA:220,8
DA:223,107
FN:223,SwapGuard.setOracleConfig
FNDA:107,SwapGuard.setOracleConfig
DA:226,107
DA:227,107
BRDA:227,8,0,1
DA:228,106
BRDA:228,9,0,1
DA:229,105
DA:230,105
DA:231,105
DA:232,105
DA:235,953
FN:235,SwapGuard._requireOwner
FNDA:953,SwapGuard._requireOwner
DA:236,953
BRDA:236,10,0,2
DA:239,16
FN:239,SwapGuard.validateAndConsume
FNDA:16,SwapGuard.validateAndConsume
DA:240,15
DA:242,15
DA:243,15
DA:245,15
DA:246,15
DA:247,15
DA:249,15
DA:260,295
FN:260,SwapGuard.checkSwap
FNDA:295,SwapGuard.checkSwap
DA:261,295
DA:262,112
DA:265,310
FN:265,SwapGuard._validate
FNDA:310,SwapGuard._validate
DA:266,1
BRDA:266,11,0,1
DA:268,309
BRDA:268,12,0,1
DA:269,308
BRDA:269,13,0,1
DA:270,307
BRDA:270,14,0,1
DA:272,306
BRDA:272,15,0,1
DA:273,305
DA:274,305
BRDA:274,16,0,1
DA:276,304
BRDA:276,17,0,1
DA:278,303
BRDA:278,18,0,295
BRDA:278,18,1,3
DA:279,295
BRDA:279,19,0,2
DA:280,2
DA:282,293
BRDA:282,20,0,1
DA:283,1
DA:286,292
DA:287,292
DA:288,292
BRDA:288,21,0,154
DA:290,8
BRDA:290,22,0,1
DA:291,1
DA:293,7
BRDA:293,23,0,2
DA:294,2
DA:297,5
DA:298,5
BRDA:298,24,0,2
DA:299,2
DA:303,141
DA:305,137
BRDA:305,25,0,1
DA:306,136
BRDA:306,26,0,1
DA:308,135
DA:309,135
BRDA:309,27,0,2
DA:310,2
DA:313,133
DA:314,133
DA:315,133
DA:316,133
DA:317,133
DA:319,133
DA:320,133
BRDA:320,28,0,1
DA:321,132
DA:322,131
BRDA:322,29,0,1
DA:323,130
BRDA:323,30,0,3
DA:326,8
FN:326,SwapGuard._scaleDefaultLimitForToken
FNDA:8,SwapGuard._scaleDefaultLimitForToken
DA:327,8
DA:328,8
DA:330,8
BRDA:330,31,0,5
DA:331,5
DA:333,3
BRDA:333,32,0,1
DA:334,1
DA:337,2
DA:338,2
BRDA:338,33,0,1
DA:339,1
DA:342,8
FN:342,SwapGuard._decimalsOf
FNDA:8,SwapGuard._decimalsOf
DA:343,8
BRDA:343,34,0,2
DA:344,2
DA:346,6
DA:349,15
FN:349,SwapGuard._pairKey
FNDA:15,SwapGuard._pairKey
DA:350,15
DA:353,141
FN:353,SwapGuard._validateAgainstOracle
FNDA:141,SwapGuard._validateAgainstOracle
DA:354,141
BRDA:354,35,0,1
DA:356,140
DA:357,140
DA:359,140
BRDA:359,36,0,1
DA:360,139
BRDA:360,37,0,1
DA:362,138
DA:363,138
BRDA:363,38,0,1
FNF:26
FNH:26
LF:173
LH:173
BRF:40
BRH:40
end_of_record
TN:
SF:src/oracles/ChainlinkPriceOracleAdapter.sol
DA:29,7
FN:29,ChainlinkPriceOracleAdapter.onlyOwner
FNDA:7,ChainlinkPriceOracleAdapter.onlyOwner
DA:30,7
BRDA:30,0,0,1
DA:34,13
FN:34,ChainlinkPriceOracleAdapter.constructor
FNDA:13,ChainlinkPriceOracleAdapter.constructor
DA:35,13
BRDA:35,1,0,1
DA:36,12
DA:37,12
DA:38,12
DA:41,3
FN:41,ChainlinkPriceOracleAdapter.transferOwnership
FNDA:3,ChainlinkPriceOracleAdapter.transferOwnership
DA:42,3
BRDA:42,2,0,1
DA:43,2
DA:44,2
DA:47,2
FN:47,ChainlinkPriceOracleAdapter.acceptOwnership
FNDA:2,ChainlinkPriceOracleAdapter.acceptOwnership
DA:48,2
BRDA:48,3,0,1
DA:49,1
DA:50,1
DA:51,1
DA:52,1
DA:55,7
FN:55,ChainlinkPriceOracleAdapter.setFeed
FNDA:7,ChainlinkPriceOracleAdapter.setFeed
DA:56,6
BRDA:56,4,0,1
DA:57,5
DA:58,5
DA:61,6
FN:61,ChainlinkPriceOracleAdapter.getQuote
FNDA:6,ChainlinkPriceOracleAdapter.getQuote
DA:66,6
DA:67,6
BRDA:67,5,0,1
DA:69,5
DA:70,5
BRDA:70,6,0,1
DA:72,4
DA:73,4
DA:74,4
DA:76,4
DA:77,4
DA:79,4
BRDA:79,7,0,3
BRDA:79,7,1,1
DA:80,3
DA:82,1
DA:85,4
BRDA:85,8,0,1
BRDA:85,8,1,3
DA:86,1
DA:88,3
DA:91,4
DA:94,11
FN:94,ChainlinkPriceOracleAdapter._pairKey
FNDA:11,ChainlinkPriceOracleAdapter._pairKey
DA:95,11
DA:98,8
FN:98,ChainlinkPriceOracleAdapter._decimalsOf
FNDA:8,ChainlinkPriceOracleAdapter._decimalsOf
DA:99,8
BRDA:99,9,0,1
DA:100,1
DA:102,7
FNF:8
FNH:8
LF:44
LH:44
BRF:12
BRH:12
end_of_record
